0 info it worked if it ends with ok
1 verbose cli [ '/Users/Fbi23/.nvm/versions/node/v6.10.3/bin/node',
1 verbose cli   '/Users/Fbi23/.nvm/versions/node/v6.10.3/bin/npm',
1 verbose cli   'i' ]
2 info using npm@3.10.10
3 info using node@v6.10.3
4 silly loadCurrentTree Starting
5 silly install loadCurrentTree
6 silly install readLocalPackageData
7 silly install normalizeTree
8 silly loadCurrentTree Finishing
9 silly loadIdealTree Starting
10 silly install loadIdealTree
11 silly cloneCurrentTree Starting
12 silly install cloneCurrentTreeToIdealTree
13 silly cloneCurrentTree Finishing
14 silly loadShrinkwrap Starting
15 silly install loadShrinkwrap
16 silly loadShrinkwrap Finishing
17 silly loadAllDepsIntoIdealTree Starting
18 silly install loadAllDepsIntoIdealTree
19 silly fetchNamedPackageData babel-loader
20 silly mapToRegistry name babel-loader
21 silly mapToRegistry using default registry
22 silly mapToRegistry registry https://registry.npmjs.org/
23 silly mapToRegistry data Result {
23 silly mapToRegistry   raw: 'babel-loader',
23 silly mapToRegistry   scope: null,
23 silly mapToRegistry   escapedName: 'babel-loader',
23 silly mapToRegistry   name: 'babel-loader',
23 silly mapToRegistry   rawSpec: '',
23 silly mapToRegistry   spec: 'latest',
23 silly mapToRegistry   type: 'tag' }
24 silly mapToRegistry uri https://registry.npmjs.org/babel-loader
25 silly fetchNamedPackageData babel-plugin-source-map-support
26 silly mapToRegistry name babel-plugin-source-map-support
27 silly mapToRegistry using default registry
28 silly mapToRegistry registry https://registry.npmjs.org/
29 silly mapToRegistry data Result {
29 silly mapToRegistry   raw: 'babel-plugin-source-map-support',
29 silly mapToRegistry   scope: null,
29 silly mapToRegistry   escapedName: 'babel-plugin-source-map-support',
29 silly mapToRegistry   name: 'babel-plugin-source-map-support',
29 silly mapToRegistry   rawSpec: '',
29 silly mapToRegistry   spec: 'latest',
29 silly mapToRegistry   type: 'tag' }
30 silly mapToRegistry uri https://registry.npmjs.org/babel-plugin-source-map-support
31 silly fetchNamedPackageData babel-preset-env
32 silly mapToRegistry name babel-preset-env
33 silly mapToRegistry using default registry
34 silly mapToRegistry registry https://registry.npmjs.org/
35 silly mapToRegistry data Result {
35 silly mapToRegistry   raw: 'babel-preset-env',
35 silly mapToRegistry   scope: null,
35 silly mapToRegistry   escapedName: 'babel-preset-env',
35 silly mapToRegistry   name: 'babel-preset-env',
35 silly mapToRegistry   rawSpec: '',
35 silly mapToRegistry   spec: 'latest',
35 silly mapToRegistry   type: 'tag' }
36 silly mapToRegistry uri https://registry.npmjs.org/babel-preset-env
37 silly fetchNamedPackageData webpack
38 silly mapToRegistry name webpack
39 silly mapToRegistry using default registry
40 silly mapToRegistry registry https://registry.npmjs.org/
41 silly mapToRegistry data Result {
41 silly mapToRegistry   raw: 'webpack',
41 silly mapToRegistry   scope: null,
41 silly mapToRegistry   escapedName: 'webpack',
41 silly mapToRegistry   name: 'webpack',
41 silly mapToRegistry   rawSpec: '',
41 silly mapToRegistry   spec: 'latest',
41 silly mapToRegistry   type: 'tag' }
42 silly mapToRegistry uri https://registry.npmjs.org/webpack
43 silly fetchNamedPackageData webpack-node-externals
44 silly mapToRegistry name webpack-node-externals
45 silly mapToRegistry using default registry
46 silly mapToRegistry registry https://registry.npmjs.org/
47 silly mapToRegistry data Result {
47 silly mapToRegistry   raw: 'webpack-node-externals',
47 silly mapToRegistry   scope: null,
47 silly mapToRegistry   escapedName: 'webpack-node-externals',
47 silly mapToRegistry   name: 'webpack-node-externals',
47 silly mapToRegistry   rawSpec: '',
47 silly mapToRegistry   spec: 'latest',
47 silly mapToRegistry   type: 'tag' }
48 silly mapToRegistry uri https://registry.npmjs.org/webpack-node-externals
49 verbose request uri https://registry.npmjs.org/babel-plugin-source-map-support
50 verbose request no auth needed
51 info attempt registry request try #1 at 4:46:19 PM
52 verbose request id f983a70570217d26
53 http request GET https://registry.npmjs.org/babel-plugin-source-map-support
54 verbose request uri https://registry.npmjs.org/babel-loader
55 verbose request no auth needed
56 info attempt registry request try #1 at 4:46:20 PM
57 verbose etag "5a9e64a6-206dd"
58 verbose lastModified Tue, 6 Mar 2018 9:51:34 GMT
59 http request GET https://registry.npmjs.org/babel-loader
60 verbose request uri https://registry.npmjs.org/babel-preset-env
61 verbose request no auth needed
62 info attempt registry request try #1 at 4:46:20 PM
63 verbose etag "5a8fdd9a-3bb5e"
64 verbose lastModified Fri, 23 Feb 2018 9:23:38 GMT
65 http request GET https://registry.npmjs.org/babel-preset-env
66 verbose request uri https://registry.npmjs.org/webpack
67 verbose request no auth needed
68 info attempt registry request try #1 at 4:46:20 PM
69 verbose etag "5ac4d0b5-1681b3"
70 verbose lastModified Wed, 4 Apr 2018 13:18:45 GMT
71 http request GET https://registry.npmjs.org/webpack
72 verbose request uri https://registry.npmjs.org/webpack-node-externals
73 verbose request no auth needed
74 info attempt registry request try #1 at 4:46:20 PM
75 verbose etag "5a90d912-74ab"
76 verbose lastModified Sat, 24 Feb 2018 3:16:34 GMT
77 http request GET https://registry.npmjs.org/webpack-node-externals
78 http 304 https://registry.npmjs.org/webpack
79 verbose headers { date: 'Thu, 12 Apr 2018 14:46:23 GMT',
79 verbose headers   via: '1.1 varnish',
79 verbose headers   'cache-control': 'max-age=300',
79 verbose headers   etag: '"5ac4d0b5-1681b3"',
79 verbose headers   age: '2454',
79 verbose headers   connection: 'keep-alive',
79 verbose headers   'x-served-by': 'cache-jnb7522-JNB',
79 verbose headers   'x-cache': 'HIT',
79 verbose headers   'x-cache-hits': '3',
79 verbose headers   'x-timer': 'S1523544383.340131,VS0,VE0',
79 verbose headers   vary: 'Accept-Encoding, Accept' }
80 silly get cb [ 304,
80 silly get   { date: 'Thu, 12 Apr 2018 14:46:23 GMT',
80 silly get     via: '1.1 varnish',
80 silly get     'cache-control': 'max-age=300',
80 silly get     etag: '"5ac4d0b5-1681b3"',
80 silly get     age: '2454',
80 silly get     connection: 'keep-alive',
80 silly get     'x-served-by': 'cache-jnb7522-JNB',
80 silly get     'x-cache': 'HIT',
80 silly get     'x-cache-hits': '3',
80 silly get     'x-timer': 'S1523544383.340131,VS0,VE0',
80 silly get     vary: 'Accept-Encoding, Accept' } ]
81 verbose etag https://registry.npmjs.org/webpack from cache
82 verbose get saving webpack to /Users/Fbi23/.npm/registry.npmjs.org/webpack/.cache.json
83 verbose correctMkdir /Users/Fbi23/.npm correctMkdir not in flight; initializing
84 http 200 https://registry.npmjs.org/babel-loader
85 verbose headers { 'content-type': 'application/json; charset=UTF-8',
85 verbose headers   server: 'UploadServer',
85 verbose headers   'cache-control': 'max-age=300',
85 verbose headers   'last-modified': 'Tue, 20 Mar 2018 10:20:21 GMT',
85 verbose headers   etag: '"5ab0e065-206fd"',
85 verbose headers   'x-npm-region': 'South-Africa',
85 verbose headers   'content-encoding': 'gzip',
85 verbose headers   'content-length': '13772',
85 verbose headers   'accept-ranges': 'bytes',
85 verbose headers   date: 'Thu, 12 Apr 2018 14:46:23 GMT',
85 verbose headers   via: '1.1 varnish',
85 verbose headers   age: '12536',
85 verbose headers   connection: 'keep-alive',
85 verbose headers   'x-served-by': 'cache-jnb7521-JNB',
85 verbose headers   'x-cache': 'HIT',
85 verbose headers   'x-cache-hits': '1',
85 verbose headers   'x-timer': 'S1523544383.335188,VS0,VE1',
85 verbose headers   vary: 'Accept-Encoding, Accept' }
86 silly get cb [ 200,
86 silly get   { 'content-type': 'application/json; charset=UTF-8',
86 silly get     server: 'UploadServer',
86 silly get     'cache-control': 'max-age=300',
86 silly get     'last-modified': 'Tue, 20 Mar 2018 10:20:21 GMT',
86 silly get     etag: '"5ab0e065-206fd"',
86 silly get     'x-npm-region': 'South-Africa',
86 silly get     'content-encoding': 'gzip',
86 silly get     'content-length': '13772',
86 silly get     'accept-ranges': 'bytes',
86 silly get     date: 'Thu, 12 Apr 2018 14:46:23 GMT',
86 silly get     via: '1.1 varnish',
86 silly get     age: '12536',
86 silly get     connection: 'keep-alive',
86 silly get     'x-served-by': 'cache-jnb7521-JNB',
86 silly get     'x-cache': 'HIT',
86 silly get     'x-cache-hits': '1',
86 silly get     'x-timer': 'S1523544383.335188,VS0,VE1',
86 silly get     vary: 'Accept-Encoding, Accept' } ]
87 verbose get saving babel-loader to /Users/Fbi23/.npm/registry.npmjs.org/babel-loader/.cache.json
88 verbose correctMkdir /Users/Fbi23/.npm correctMkdir not in flight; initializing
89 silly fetchNamedPackageData No valid target from cache, forcing network
90 verbose request uri https://registry.npmjs.org/webpack
91 verbose request no auth needed
92 info attempt registry request try #1 at 4:46:23 PM
93 http request GET https://registry.npmjs.org/webpack
94 silly resolveWithNewModule babel-loader@7.1.4 checking installable status
95 silly cache add args [ 'babel-loader@^7.1.3', null ]
96 verbose cache add spec babel-loader@^7.1.3
97 silly cache add parsed spec Result {
97 silly cache add   raw: 'babel-loader@^7.1.3',
97 silly cache add   scope: null,
97 silly cache add   escapedName: 'babel-loader',
97 silly cache add   name: 'babel-loader',
97 silly cache add   rawSpec: '^7.1.3',
97 silly cache add   spec: '>=7.1.3 <8.0.0',
97 silly cache add   type: 'range' }
98 silly addNamed babel-loader@>=7.1.3 <8.0.0
99 verbose addNamed ">=7.1.3 <8.0.0" is a valid semver range for babel-loader
100 silly addNameRange { name: 'babel-loader', range: '>=7.1.3 <8.0.0', hasData: false }
101 silly mapToRegistry name babel-loader
102 silly mapToRegistry using default registry
103 silly mapToRegistry registry https://registry.npmjs.org/
104 silly mapToRegistry data Result {
104 silly mapToRegistry   raw: 'babel-loader',
104 silly mapToRegistry   scope: null,
104 silly mapToRegistry   escapedName: 'babel-loader',
104 silly mapToRegistry   name: 'babel-loader',
104 silly mapToRegistry   rawSpec: '',
104 silly mapToRegistry   spec: 'latest',
104 silly mapToRegistry   type: 'tag' }
105 silly mapToRegistry uri https://registry.npmjs.org/babel-loader
106 verbose addNameRange registry:https://registry.npmjs.org/babel-loader not in flight; fetching
107 verbose get https://registry.npmjs.org/babel-loader not expired, no request
108 silly addNameRange number 2 { name: 'babel-loader', range: '>=7.1.3 <8.0.0', hasData: true }
109 silly addNameRange versions [ 'babel-loader',
109 silly addNameRange   [ '4.0.0',
109 silly addNameRange     '4.1.0',
109 silly addNameRange     '4.2.0',
109 silly addNameRange     '4.3.0',
109 silly addNameRange     '5.0.0',
109 silly addNameRange     '5.1.0',
109 silly addNameRange     '5.1.2',
109 silly addNameRange     '5.1.3',
109 silly addNameRange     '5.1.4',
109 silly addNameRange     '5.2.0',
109 silly addNameRange     '5.2.1',
109 silly addNameRange     '5.2.2',
109 silly addNameRange     '5.3.0',
109 silly addNameRange     '5.3.1',
109 silly addNameRange     '5.3.2',
109 silly addNameRange     '5.3.3',
109 silly addNameRange     '6.0.0',
109 silly addNameRange     '6.0.1',
109 silly addNameRange     '6.1.0',
109 silly addNameRange     '5.4.0',
109 silly addNameRange     '6.2.0',
109 silly addNameRange     '6.2.1',
109 silly addNameRange     '6.2.2',
109 silly addNameRange     '6.2.3',
109 silly addNameRange     '6.2.4',
109 silly addNameRange     '5.4.1',
109 silly addNameRange     '5.4.2',
109 silly addNameRange     '6.2.5',
109 silly addNameRange     '6.2.6',
109 silly addNameRange     '6.2.7',
109 silly addNameRange     '6.2.8',
109 silly addNameRange     '6.2.9',
109 silly addNameRange     '6.2.10',
109 silly addNameRange     '6.3.0',
109 silly addNameRange     '6.3.1',
109 silly addNameRange     '6.3.2',
109 silly addNameRange     '7.0.0-alpha.1',
109 silly addNameRange     '6.4.0',
109 silly addNameRange     '7.0.0-alpha.2',
109 silly addNameRange     '7.0.0-alpha.3',
109 silly addNameRange     '6.4.1',
109 silly addNameRange     '7.0.0-beta.1',
109 silly addNameRange     '7.0.0',
109 silly addNameRange     '7.1.0',
109 silly addNameRange     '7.1.1',
109 silly addNameRange     '7.1.2',
109 silly addNameRange     '8.0.0-beta.0',
109 silly addNameRange     '7.1.3',
109 silly addNameRange     '8.0.0-beta.1',
109 silly addNameRange     '8.0.0-beta.2',
109 silly addNameRange     '7.1.4' ] ]
110 silly addNamed babel-loader@7.1.4
111 verbose addNamed "7.1.4" is a plain semver version for babel-loader
112 silly cache afterAdd babel-loader@7.1.4
113 verbose afterAdd /Users/Fbi23/.npm/babel-loader/7.1.4/package/package.json not in flight; writing
114 verbose correctMkdir /Users/Fbi23/.npm correctMkdir not in flight; initializing
115 verbose afterAdd /Users/Fbi23/.npm/babel-loader/7.1.4/package/package.json written
116 http 200 https://registry.npmjs.org/babel-preset-env
117 verbose headers { 'content-type': 'application/json; charset=UTF-8',
117 verbose headers   server: 'UploadServer',
117 verbose headers   'cache-control': 'max-age=300',
117 verbose headers   'last-modified': 'Thu, 15 Mar 2018 7:01:22 GMT',
117 verbose headers   etag: '"5aaa1a42-3bb8c"',
117 verbose headers   'x-npm-region': 'South-Africa',
117 verbose headers   'content-encoding': 'gzip',
117 verbose headers   'content-length': '19792',
117 verbose headers   'accept-ranges': 'bytes',
117 verbose headers   date: 'Thu, 12 Apr 2018 14:46:23 GMT',
117 verbose headers   via: '1.1 varnish',
117 verbose headers   age: '0',
117 verbose headers   connection: 'keep-alive',
117 verbose headers   'x-served-by': 'cache-jnb7521-JNB',
117 verbose headers   'x-cache': 'HIT',
117 verbose headers   'x-cache-hits': '1',
117 verbose headers   'x-timer': 'S1523544383.335909,VS0,VE303',
117 verbose headers   vary: 'Accept-Encoding, Accept' }
118 silly get cb [ 200,
118 silly get   { 'content-type': 'application/json; charset=UTF-8',
118 silly get     server: 'UploadServer',
118 silly get     'cache-control': 'max-age=300',
118 silly get     'last-modified': 'Thu, 15 Mar 2018 7:01:22 GMT',
118 silly get     etag: '"5aaa1a42-3bb8c"',
118 silly get     'x-npm-region': 'South-Africa',
118 silly get     'content-encoding': 'gzip',
118 silly get     'content-length': '19792',
118 silly get     'accept-ranges': 'bytes',
118 silly get     date: 'Thu, 12 Apr 2018 14:46:23 GMT',
118 silly get     via: '1.1 varnish',
118 silly get     age: '0',
118 silly get     connection: 'keep-alive',
118 silly get     'x-served-by': 'cache-jnb7521-JNB',
118 silly get     'x-cache': 'HIT',
118 silly get     'x-cache-hits': '1',
118 silly get     'x-timer': 'S1523544383.335909,VS0,VE303',
118 silly get     vary: 'Accept-Encoding, Accept' } ]
119 verbose get saving babel-preset-env to /Users/Fbi23/.npm/registry.npmjs.org/babel-preset-env/.cache.json
120 verbose correctMkdir /Users/Fbi23/.npm correctMkdir not in flight; initializing
121 silly resolveWithNewModule babel-preset-env@1.6.1 checking installable status
122 silly cache add args [ 'babel-preset-env@^1.6.0', null ]
123 verbose cache add spec babel-preset-env@^1.6.0
124 silly cache add parsed spec Result {
124 silly cache add   raw: 'babel-preset-env@^1.6.0',
124 silly cache add   scope: null,
124 silly cache add   escapedName: 'babel-preset-env',
124 silly cache add   name: 'babel-preset-env',
124 silly cache add   rawSpec: '^1.6.0',
124 silly cache add   spec: '>=1.6.0 <2.0.0',
124 silly cache add   type: 'range' }
125 silly addNamed babel-preset-env@>=1.6.0 <2.0.0
126 verbose addNamed ">=1.6.0 <2.0.0" is a valid semver range for babel-preset-env
127 silly addNameRange { name: 'babel-preset-env',
127 silly addNameRange   range: '>=1.6.0 <2.0.0',
127 silly addNameRange   hasData: false }
128 silly mapToRegistry name babel-preset-env
129 silly mapToRegistry using default registry
130 silly mapToRegistry registry https://registry.npmjs.org/
131 silly mapToRegistry data Result {
131 silly mapToRegistry   raw: 'babel-preset-env',
131 silly mapToRegistry   scope: null,
131 silly mapToRegistry   escapedName: 'babel-preset-env',
131 silly mapToRegistry   name: 'babel-preset-env',
131 silly mapToRegistry   rawSpec: '',
131 silly mapToRegistry   spec: 'latest',
131 silly mapToRegistry   type: 'tag' }
132 silly mapToRegistry uri https://registry.npmjs.org/babel-preset-env
133 verbose addNameRange registry:https://registry.npmjs.org/babel-preset-env not in flight; fetching
134 verbose get https://registry.npmjs.org/babel-preset-env not expired, no request
135 silly addNameRange number 2 { name: 'babel-preset-env',
135 silly addNameRange   range: '>=1.6.0 <2.0.0',
135 silly addNameRange   hasData: true }
136 silly addNameRange versions [ 'babel-preset-env',
136 silly addNameRange   [ '0.0.0',
136 silly addNameRange     '0.0.1',
136 silly addNameRange     '0.0.2',
136 silly addNameRange     '0.0.3',
136 silly addNameRange     '0.0.4',
136 silly addNameRange     '0.0.5',
136 silly addNameRange     '0.0.6',
136 silly addNameRange     '0.0.7',
136 silly addNameRange     '0.0.8',
136 silly addNameRange     '0.0.9',
136 silly addNameRange     '1.0.0',
136 silly addNameRange     '1.0.1',
136 silly addNameRange     '1.0.2',
136 silly addNameRange     '1.1.0',
136 silly addNameRange     '1.1.1',
136 silly addNameRange     '1.1.2',
136 silly addNameRange     '1.1.3',
136 silly addNameRange     '1.1.4',
136 silly addNameRange     '1.1.5',
136 silly addNameRange     '1.1.6',
136 silly addNameRange     '1.1.7',
136 silly addNameRange     '1.1.8',
136 silly addNameRange     '1.1.9',
136 silly addNameRange     '1.1.10',
136 silly addNameRange     '1.1.11',
136 silly addNameRange     '2.0.0-alpha.1',
136 silly addNameRange     '1.2.0',
136 silly addNameRange     '1.2.1',
136 silly addNameRange     '1.2.2',
136 silly addNameRange     '2.0.0-alpha.3',
136 silly addNameRange     '1.3.0',
136 silly addNameRange     '1.3.1',
136 silly addNameRange     '1.3.2',
136 silly addNameRange     '2.0.0-alpha.4',
136 silly addNameRange     '1.3.3',
136 silly addNameRange     '2.0.0-alpha.5',
136 silly addNameRange     '1.4.0',
136 silly addNameRange     '2.0.0-alpha.6',
136 silly addNameRange     '2.0.0-alpha.7',
136 silly addNameRange     '1.5.0',
136 silly addNameRange     '1.5.1',
136 silly addNameRange     '2.0.0-alpha.12',
136 silly addNameRange     '1.5.2',
136 silly addNameRange     '1.6.0',
136 silly addNameRange     '2.0.0-alpha.15',
136 silly addNameRange     '2.0.0-alpha.16',
136 silly addNameRange     '2.0.0-alpha.17',
136 silly addNameRange     '2.0.0-alpha.18',
136 silly addNameRange     '2.0.0-alpha.19',
136 silly addNameRange     '2.0.0-alpha.20',
136 silly addNameRange     '2.0.0-beta.0',
136 silly addNameRange     '2.0.0-beta.1',
136 silly addNameRange     '2.0.0-beta.2',
136 silly addNameRange     '7.0.0-beta.3',
136 silly addNameRange     '1.6.1' ] ]
137 silly addNamed babel-preset-env@1.6.1
138 verbose addNamed "1.6.1" is a plain semver version for babel-preset-env
139 silly cache afterAdd babel-preset-env@1.6.1
140 verbose afterAdd /Users/Fbi23/.npm/babel-preset-env/1.6.1/package/package.json not in flight; writing
141 verbose correctMkdir /Users/Fbi23/.npm correctMkdir not in flight; initializing
142 verbose afterAdd /Users/Fbi23/.npm/babel-preset-env/1.6.1/package/package.json written
143 http 200 https://registry.npmjs.org/babel-plugin-source-map-support
144 verbose headers { 'content-type': 'application/json; charset=UTF-8',
144 verbose headers   server: 'UploadServer',
144 verbose headers   'cache-control': 'max-age=300',
144 verbose headers   'last-modified': 'Wed, 28 Feb 2018 17:37:15 GMT',
144 verbose headers   etag: '"5a96e8cb-3153"',
144 verbose headers   'x-npm-region': 'South-Africa',
144 verbose headers   'content-encoding': 'gzip',
144 verbose headers   'content-length': '3637',
144 verbose headers   'accept-ranges': 'bytes',
144 verbose headers   date: 'Thu, 12 Apr 2018 14:46:23 GMT',
144 verbose headers   via: '1.1 varnish',
144 verbose headers   age: '0',
144 verbose headers   connection: 'keep-alive',
144 verbose headers   'x-served-by': 'cache-jnb7520-JNB',
144 verbose headers   'x-cache': 'MISS',
144 verbose headers   'x-cache-hits': '0',
144 verbose headers   'x-timer': 'S1523544383.346951,VS0,VE399',
144 verbose headers   vary: 'Accept-Encoding, Accept' }
145 silly get cb [ 200,
145 silly get   { 'content-type': 'application/json; charset=UTF-8',
145 silly get     server: 'UploadServer',
145 silly get     'cache-control': 'max-age=300',
145 silly get     'last-modified': 'Wed, 28 Feb 2018 17:37:15 GMT',
145 silly get     etag: '"5a96e8cb-3153"',
145 silly get     'x-npm-region': 'South-Africa',
145 silly get     'content-encoding': 'gzip',
145 silly get     'content-length': '3637',
145 silly get     'accept-ranges': 'bytes',
145 silly get     date: 'Thu, 12 Apr 2018 14:46:23 GMT',
145 silly get     via: '1.1 varnish',
145 silly get     age: '0',
145 silly get     connection: 'keep-alive',
145 silly get     'x-served-by': 'cache-jnb7520-JNB',
145 silly get     'x-cache': 'MISS',
145 silly get     'x-cache-hits': '0',
145 silly get     'x-timer': 'S1523544383.346951,VS0,VE399',
145 silly get     vary: 'Accept-Encoding, Accept' } ]
146 verbose get saving babel-plugin-source-map-support to /Users/Fbi23/.npm/registry.npmjs.org/babel-plugin-source-map-support/.cache.json
147 verbose correctMkdir /Users/Fbi23/.npm correctMkdir not in flight; initializing
148 silly resolveWithNewModule babel-plugin-source-map-support@2.0.1 checking installable status
149 silly cache add args [ 'babel-plugin-source-map-support@^2.0.1', null ]
150 verbose cache add spec babel-plugin-source-map-support@^2.0.1
151 silly cache add parsed spec Result {
151 silly cache add   raw: 'babel-plugin-source-map-support@^2.0.1',
151 silly cache add   scope: null,
151 silly cache add   escapedName: 'babel-plugin-source-map-support',
151 silly cache add   name: 'babel-plugin-source-map-support',
151 silly cache add   rawSpec: '^2.0.1',
151 silly cache add   spec: '>=2.0.1 <3.0.0',
151 silly cache add   type: 'range' }
152 silly addNamed babel-plugin-source-map-support@>=2.0.1 <3.0.0
153 verbose addNamed ">=2.0.1 <3.0.0" is a valid semver range for babel-plugin-source-map-support
154 silly addNameRange { name: 'babel-plugin-source-map-support',
154 silly addNameRange   range: '>=2.0.1 <3.0.0',
154 silly addNameRange   hasData: false }
155 silly mapToRegistry name babel-plugin-source-map-support
156 silly mapToRegistry using default registry
157 silly mapToRegistry registry https://registry.npmjs.org/
158 silly mapToRegistry data Result {
158 silly mapToRegistry   raw: 'babel-plugin-source-map-support',
158 silly mapToRegistry   scope: null,
158 silly mapToRegistry   escapedName: 'babel-plugin-source-map-support',
158 silly mapToRegistry   name: 'babel-plugin-source-map-support',
158 silly mapToRegistry   rawSpec: '',
158 silly mapToRegistry   spec: 'latest',
158 silly mapToRegistry   type: 'tag' }
159 silly mapToRegistry uri https://registry.npmjs.org/babel-plugin-source-map-support
160 verbose addNameRange registry:https://registry.npmjs.org/babel-plugin-source-map-support not in flight; fetching
161 verbose get https://registry.npmjs.org/babel-plugin-source-map-support not expired, no request
162 silly addNameRange number 2 { name: 'babel-plugin-source-map-support',
162 silly addNameRange   range: '>=2.0.1 <3.0.0',
162 silly addNameRange   hasData: true }
163 silly addNameRange versions [ 'babel-plugin-source-map-support',
163 silly addNameRange   [ '0.0.1', '1.0.0', '2.0.0', '2.0.1' ] ]
164 silly addNamed babel-plugin-source-map-support@2.0.1
165 verbose addNamed "2.0.1" is a plain semver version for babel-plugin-source-map-support
166 silly mapToRegistry name babel-plugin-source-map-support
167 silly mapToRegistry using default registry
168 silly mapToRegistry registry https://registry.npmjs.org/
169 silly mapToRegistry data Result {
169 silly mapToRegistry   raw: 'babel-plugin-source-map-support',
169 silly mapToRegistry   scope: null,
169 silly mapToRegistry   escapedName: 'babel-plugin-source-map-support',
169 silly mapToRegistry   name: 'babel-plugin-source-map-support',
169 silly mapToRegistry   rawSpec: '',
169 silly mapToRegistry   spec: 'latest',
169 silly mapToRegistry   type: 'tag' }
170 silly mapToRegistry uri https://registry.npmjs.org/babel-plugin-source-map-support
171 verbose addRemoteTarball https://registry.npmjs.org/babel-plugin-source-map-support/-/babel-plugin-source-map-support-2.0.1.tgz not in flight; adding
172 verbose addRemoteTarball [ 'https://registry.npmjs.org/babel-plugin-source-map-support/-/babel-plugin-source-map-support-2.0.1.tgz',
172 verbose addRemoteTarball   'ccd822535ab32cf73c0a50596ed87e534ffdf410' ]
173 info retry fetch attempt 1 at 4:46:23 PM
174 info attempt registry request try #1 at 4:46:23 PM
175 http fetch GET https://registry.npmjs.org/babel-plugin-source-map-support/-/babel-plugin-source-map-support-2.0.1.tgz
176 http 200 https://registry.npmjs.org/webpack
177 verbose headers { 'content-type': 'application/json; charset=UTF-8',
177 verbose headers   server: 'UploadServer',
177 verbose headers   'cache-control': 'max-age=300',
177 verbose headers   'last-modified': 'Wed, 4 Apr 2018 13:18:45 GMT',
177 verbose headers   etag: '"5ac4d0b5-1681b3"',
177 verbose headers   'x-npm-region': 'South-Africa',
177 verbose headers   'content-encoding': 'gzip',
177 verbose headers   'content-length': '98832',
177 verbose headers   'accept-ranges': 'bytes',
177 verbose headers   date: 'Thu, 12 Apr 2018 14:46:23 GMT',
177 verbose headers   via: '1.1 varnish',
177 verbose headers   age: '2454',
177 verbose headers   connection: 'keep-alive',
177 verbose headers   'x-served-by': 'cache-jnb7522-JNB',
177 verbose headers   'x-cache': 'HIT',
177 verbose headers   'x-cache-hits': '4',
177 verbose headers   'x-timer': 'S1523544384.617092,VS0,VE0',
177 verbose headers   vary: 'Accept-Encoding, Accept' }
178 silly get cb [ 200,
178 silly get   { 'content-type': 'application/json; charset=UTF-8',
178 silly get     server: 'UploadServer',
178 silly get     'cache-control': 'max-age=300',
178 silly get     'last-modified': 'Wed, 4 Apr 2018 13:18:45 GMT',
178 silly get     etag: '"5ac4d0b5-1681b3"',
178 silly get     'x-npm-region': 'South-Africa',
178 silly get     'content-encoding': 'gzip',
178 silly get     'content-length': '98832',
178 silly get     'accept-ranges': 'bytes',
178 silly get     date: 'Thu, 12 Apr 2018 14:46:23 GMT',
178 silly get     via: '1.1 varnish',
178 silly get     age: '2454',
178 silly get     connection: 'keep-alive',
178 silly get     'x-served-by': 'cache-jnb7522-JNB',
178 silly get     'x-cache': 'HIT',
178 silly get     'x-cache-hits': '4',
178 silly get     'x-timer': 'S1523544384.617092,VS0,VE0',
178 silly get     vary: 'Accept-Encoding, Accept' } ]
179 verbose get saving webpack to /Users/Fbi23/.npm/registry.npmjs.org/webpack/.cache.json
180 verbose correctMkdir /Users/Fbi23/.npm correctMkdir not in flight; initializing
181 silly fetchPackageMetaData Error: No compatible version found: webpack@^5.1.1
181 silly fetchPackageMetaData Valid install targets:
181 silly fetchPackageMetaData 4.5.0, 4.4.1, 4.4.0, 4.3.0, 4.2.0, 4.1.1, 4.1.0, 4.0.1, 4.0.0, 4.0.0-beta.3, 4.0.0-beta.2, 4.0.0-beta.1, 4.0.0-beta.0, 4.0.0-alpha.5, 4.0.0-alpha.4, 4.0.0-alpha.3, 4.0.0-alpha.2, 4.0.0-alpha.1, 4.0.0-alpha.0, 3.11.0, 3.10.0, 3.9.1, 3.9.0, 3.8.1, 3.8.0, 3.7.1, 3.7.0, 3.6.0, 3.5.6, 3.5.5, 3.5.4, 3.5.3, 3.5.2, 3.5.1, 3.5.0, 3.4.1, 3.4.0, 3.3.0, 3.2.0, 3.1.0, 3.0.0, 3.0.0-rc.2, 3.0.0-rc.1, 3.0.0-rc.0, 2.7.0, 2.6.1, 2.6.0, 2.5.1, 2.5.0, 2.4.1, 2.4.0, 2.3.3, 2.3.2, 2.3.1, 2.3.0, 2.2.1, 2.2.0, 2.2.0-rc.8, 2.2.0-rc.7, 2.2.0-rc.6, 2.2.0-rc.5, 2.2.0-rc.4, 2.2.0-rc.3, 2.2.0-rc.2, 2.2.0-rc.1, 2.2.0-rc.0, 2.1.0-beta.28, 2.1.0-beta.27, 2.1.0-beta.26, 2.1.0-beta.25, 2.1.0-beta.24, 2.1.0-beta.23, 2.1.0-beta.22, 2.1.0-beta.21, 2.1.0-beta.20, 2.1.0-beta.19, 2.1.0-beta.18, 2.1.0-beta.17, 2.1.0-beta.16, 2.1.0-beta.15, 2.1.0-beta.14, 2.1.0-beta.13, 2.1.0-beta.12, 2.1.0-beta.11, 2.1.0-beta.10, 2.1.0-beta.9, 2.1.0-beta.8, 2.1.0-beta.7, 2.1.0-beta.6, 2.1.0-beta.5, 2.1.0-beta.4, 2.1.0-beta.3, 2.1.0-beta.2, 2.1.0-beta.1, 2.1.0-beta.0, 2.0.7-beta, 2.0.6-beta, 2.0.5-beta, 2.0.4-beta, 2.0.2-beta, 2.0.1-beta, 2.0.0-beta, 1.15.0, 1.14.0, 1.13.3, 1.13.2, 1.13.1, 1.13.0, 1.12.15, 1.12.14, 1.12.13, 1.12.12, 1.12.11, 1.12.10, 1.12.9, 1.12.8, 1.12.7, 1.12.6, 1.12.5, 1.12.4, 1.12.3, 1.12.2, 1.12.1, 1.12.0, 1.11.0, 1.10.5, 1.10.4, 1.10.3, 1.10.2, 1.10.1, 1.10.0, 1.9.13, 1.9.12, 1.9.11, 1.9.10, 1.9.9, 1.9.8, 1.9.7, 1.9.6, 1.9.5, 1.9.4, 1.9.3, 1.9.2, 1.9.1, 1.9.0, 1.8.11, 1.8.10, 1.8.9, 1.8.8, 1.8.7, 1.8.6, 1.8.5, 1.8.4, 1.8.3, 1.8.2, 1.8.1, 1.8.0, 1.7.3, 1.7.2, 1.7.1, 1.7.0, 1.6.0, 1.5.3, 1.5.2, 1.5.1, 1.5.0, 1.4.15, 1.4.14, 1.4.13, 1.4.12, 1.4.11, 1.4.10, 1.4.9, 1.4.8, 1.4.7, 1.4.6, 1.4.5, 1.4.4, 1.4.3, 1.4.2, 1.4.1-beta1, 1.4.0-beta9, 1.4.0-beta8, 1.4.0-beta7, 1.4.0-beta6, 1.4.0-beta5, 1.4.0-beta4, 1.4.0-beta3, 1.4.0-beta2, 1.4.0-beta10, 1.4.0-beta1, 1.3.7, 1.3.6, 1.3.5, 1.3.4, 1.3.3-beta2, 1.3.3-beta1, 1.3.2-beta9, 1.3.2-beta8, 1.3.2-beta7, 1.3.2-beta6, 1.3.2-beta5, 1.3.2-beta4, 1.3.2-beta3, 1.3.2-beta2, 1.3.2-beta1, 1.3.1-beta9, 1.3.1-beta8, 1.3.1-beta7, 1.3.1-beta6, 1.3.1-beta5, 1.3.1-beta4, 1.3.1-beta3, 1.3.1-beta2, 1.3.1-beta1, 1.3.0-beta9, 1.3.0-beta8, 1.3.0-beta7, 1.3.0-beta6, 1.3.0-beta5, 1.3.0-beta4, 1.3.0-beta3, 1.3.0-beta2, 1.3.0-beta1, 1.2.0-beta6, 1.2.0-beta5, 1.2.0-beta4, 1.2.0-beta2, 1.2.0-beta1, 1.1.11, 1.1.10, 1.1.9, 1.1.8, 1.1.7, 1.1.6, 1.1.5, 1.1.4, 1.1.3, 1.1.2, 1.1.1, 1.1.0, 1.1.0-beta9, 1.1.0-beta8, 1.1.0-beta7, 1.1.0-beta6, 1.1.0-beta5, 1.1.0-beta4, 1.1.0-beta3, 1.1.0-beta2, 1.1.0-beta12, 1.1.0-beta10, 1.1.0-beta1, 1.0.5, 1.0.4, 1.0.3, 1.0.1, 1.0.0, 1.0.0-rc9, 1.0.0-rc8, 1.0.0-rc7, 1.0.0-rc5, 1.0.0-rc4, 1.0.0-rc3, 1.0.0-rc2, 1.0.0-rc12, 1.0.0-rc11, 1.0.0-rc1, 1.0.0-beta9, 1.0.0-beta8, 1.0.0-beta7, 1.0.0-beta6, 1.0.0-beta5, 1.0.0-beta4, 1.0.0-beta3, 1.0.0-beta2, 1.0.0-beta1, 0.11.18, 0.11.17, 0.11.16, 0.11.15, 0.11.14, 0.11.13, 0.11.12, 0.11.11, 0.11.10, 0.11.9, 0.11.8, 0.11.7, 0.11.6, 0.11.5, 0.11.4, 0.11.3, 0.11.2, 0.11.1, 0.11.0, 0.11.0-beta9, 0.11.0-beta8, 0.11.0-beta7, 0.11.0-beta6, 0.11.0-beta5, 0.11.0-beta4, 0.11.0-beta3, 0.11.0-beta29, 0.11.0-beta28, 0.11.0-beta27, 0.11.0-beta26, 0.11.0-beta25, 0.11.0-beta24, 0.11.0-beta23, 0.11.0-beta22, 0.11.0-beta21, 0.11.0-beta20, 0.11.0-beta2, 0.11.0-beta19, 0.11.0-beta18, 0.11.0-beta17, 0.11.0-beta16, 0.11.0-beta15, 0.11.0-beta14, 0.11.0-beta13, 0.11.0-beta12, 0.11.0-beta11, 0.11.0-beta10, 0.11.0-beta1, 0.10.0, 0.10.0-beta9, 0.10.0-beta8, 0.10.0-beta7, 0.10.0-beta6, 0.10.0-beta5, 0.10.0-beta3, 0.10.0-beta25, 0.10.0-beta24, 0.10.0-beta23, 0.10.0-beta22, 0.10.0-beta21, 0.10.0-beta20, 0.10.0-beta2, 0.10.0-beta19, 0.10.0-beta18, 0.10.0-beta17, 0.10.0-beta16, 0.10.0-beta15, 0.10.0-beta14, 0.10.0-beta13, 0.10.0-beta12, 0.10.0-beta11, 0.10.0-beta10, 0.9.3, 0.9.2, 0.9.1, 0.9.0, 0.9.0-beta9, 0.9.0-beta8, 0.9.0-beta7, 0.9.0-beta6, 0.9.0-beta5, 0.9.0-beta4, 0.9.0-beta38, 0.9.0-beta37, 0.9.0-beta36, 0.9.0-beta35, 0.9.0-beta34, 0.9.0-beta33, 0.9.0-beta32, 0.9.0-beta31, 0.9.0-beta30, 0.9.0-beta29, 0.9.0-beta28, 0.9.0-beta27, 0.9.0-beta26, 0.9.0-beta25, 0.9.0-beta24, 0.9.0-beta23, 0.9.0-beta22, 0.9.0-beta21, 0.9.0-beta20, 0.9.0-beta2, 0.9.0-beta19, 0.9.0-beta18, 0.9.0-beta17, 0.9.0-beta16, 0.9.0-beta15, 0.9.0-beta14, 0.9.0-beta13, 0.9.0-beta12, 0.9.0-beta11, 0.9.0-beta10, 0.9.0-beta1, 0.8.3, 0.8.2, 0.8.0, 0.8.0-beta4, 0.8.0-beta3, 0.8.0-beta2, 0.8.0-beta1, 0.7.17, 0.7.16, 0.7.15, 0.7.14, 0.7.13, 0.7.12, 0.7.11, 0.7.9, 0.7.8, 0.7.7, 0.7.6, 0.7.5, 0.7.4, 0.7.3, 0.7.2, 0.7.1, 0.7.0, 0.7.0-beta8, 0.7.0-beta7, 0.7.0-beta6, 0.7.0-beta5, 0.7.0-beta4, 0.7.0-beta3, 0.7.0-beta2, 0.7.0-beta, 0.6.2, 0.6.1, 0.6.0, 0.5.10, 0.5.8, 0.5.7, 0.5.6, 0.5.5, 0.5.4, 0.5.3, 0.5.2, 0.5.1, 0.5.0, 0.4.25, 0.4.24, 0.4.23, 0.4.21, 0.4.20, 0.4.19, 0.4.18, 0.4.17, 0.4.16, 0.4.15, 0.4.14, 0.4.13, 0.4.12, 0.4.11, 0.4.10, 0.4.9, 0.4.8, 0.4.7, 0.4.6, 0.4.5, 0.4.4, 0.4.3, 0.4.2, 0.4.1, 0.4.0, 0.3.20, 0.3.19, 0.3.18, 0.3.17, 0.3.16, 0.3.15, 0.3.14, 0.3.13, 0.3.12, 0.3.11, 0.3.10, 0.3.9, 0.3.8, 0.3.7, 0.3.6, 0.3.4, 0.3.3, 0.3.2, 0.3.1, 0.3.0, 0.2.8, 0.2.7, 0.2.6, 0.2.4, 0.2.3, 0.2.2, 0.2.1, 0.2.0, 0.1.6, 0.1.5, 0.1.4, 0.1.3, 0.1.2, 0.1.1, 0.1.0
181 silly fetchPackageMetaData
181 silly fetchPackageMetaData     at pickVersionFromRegistryDocument (/Users/Fbi23/.nvm/versions/node/v6.10.3/lib/node_modules/npm/lib/fetch-package-metadata.js:178:16)
181 silly fetchPackageMetaData     at /Users/Fbi23/.nvm/versions/node/v6.10.3/lib/node_modules/npm/node_modules/iferr/index.js:13:50
181 silly fetchPackageMetaData     at /Users/Fbi23/.nvm/versions/node/v6.10.3/lib/node_modules/npm/lib/utils/pulse-till-done.js:20:8
181 silly fetchPackageMetaData     at saved (/Users/Fbi23/.nvm/versions/node/v6.10.3/lib/node_modules/npm/lib/cache/caching-client.js:174:7)
181 silly fetchPackageMetaData     at /Users/Fbi23/.nvm/versions/node/v6.10.3/lib/node_modules/npm/node_modules/graceful-fs/polyfills.js:241:18
181 silly fetchPackageMetaData     at FSReqWrap.oncomplete (fs.js:123:15)
181 silly fetchPackageMetaData  error for webpack@^5.1.1 { Error: No compatible version found: webpack@^5.1.1
181 silly fetchPackageMetaData Valid install targets:
181 silly fetchPackageMetaData 4.5.0, 4.4.1, 4.4.0, 4.3.0, 4.2.0, 4.1.1, 4.1.0, 4.0.1, 4.0.0, 4.0.0-beta.3, 4.0.0-beta.2, 4.0.0-beta.1, 4.0.0-beta.0, 4.0.0-alpha.5, 4.0.0-alpha.4, 4.0.0-alpha.3, 4.0.0-alpha.2, 4.0.0-alpha.1, 4.0.0-alpha.0, 3.11.0, 3.10.0, 3.9.1, 3.9.0, 3.8.1, 3.8.0, 3.7.1, 3.7.0, 3.6.0, 3.5.6, 3.5.5, 3.5.4, 3.5.3, 3.5.2, 3.5.1, 3.5.0, 3.4.1, 3.4.0, 3.3.0, 3.2.0, 3.1.0, 3.0.0, 3.0.0-rc.2, 3.0.0-rc.1, 3.0.0-rc.0, 2.7.0, 2.6.1, 2.6.0, 2.5.1, 2.5.0, 2.4.1, 2.4.0, 2.3.3, 2.3.2, 2.3.1, 2.3.0, 2.2.1, 2.2.0, 2.2.0-rc.8, 2.2.0-rc.7, 2.2.0-rc.6, 2.2.0-rc.5, 2.2.0-rc.4, 2.2.0-rc.3, 2.2.0-rc.2, 2.2.0-rc.1, 2.2.0-rc.0, 2.1.0-beta.28, 2.1.0-beta.27, 2.1.0-beta.26, 2.1.0-beta.25, 2.1.0-beta.24, 2.1.0-beta.23, 2.1.0-beta.22, 2.1.0-beta.21, 2.1.0-beta.20, 2.1.0-beta.19, 2.1.0-beta.18, 2.1.0-beta.17, 2.1.0-beta.16, 2.1.0-beta.15, 2.1.0-beta.14, 2.1.0-beta.13, 2.1.0-beta.12, 2.1.0-beta.11, 2.1.0-beta.10, 2.1.0-beta.9, 2.1.0-beta.8, 2.1.0-beta.7, 2.1.0-beta.6, 2.1.0-beta.5, 2.1.0-beta.4, 2.1.0-beta.3, 2.1.0-beta.2, 2.1.0-beta.1, 2.1.0-beta.0, 2.0.7-beta, 2.0.6-beta, 2.0.5-beta, 2.0.4-beta, 2.0.2-beta, 2.0.1-beta, 2.0.0-beta, 1.15.0, 1.14.0, 1.13.3, 1.13.2, 1.13.1, 1.13.0, 1.12.15, 1.12.14, 1.12.13, 1.12.12, 1.12.11, 1.12.10, 1.12.9, 1.12.8, 1.12.7, 1.12.6, 1.12.5, 1.12.4, 1.12.3, 1.12.2, 1.12.1, 1.12.0, 1.11.0, 1.10.5, 1.10.4, 1.10.3, 1.10.2, 1.10.1, 1.10.0, 1.9.13, 1.9.12, 1.9.11, 1.9.10, 1.9.9, 1.9.8, 1.9.7, 1.9.6, 1.9.5, 1.9.4, 1.9.3, 1.9.2, 1.9.1, 1.9.0, 1.8.11, 1.8.10, 1.8.9, 1.8.8, 1.8.7, 1.8.6, 1.8.5, 1.8.4, 1.8.3, 1.8.2, 1.8.1, 1.8.0, 1.7.3, 1.7.2, 1.7.1, 1.7.0, 1.6.0, 1.5.3, 1.5.2, 1.5.1, 1.5.0, 1.4.15, 1.4.14, 1.4.13, 1.4.12, 1.4.11, 1.4.10, 1.4.9, 1.4.8, 1.4.7, 1.4.6, 1.4.5, 1.4.4, 1.4.3, 1.4.2, 1.4.1-beta1, 1.4.0-beta9, 1.4.0-beta8, 1.4.0-beta7, 1.4.0-beta6, 1.4.0-beta5, 1.4.0-beta4, 1.4.0-beta3, 1.4.0-beta2, 1.4.0-beta10, 1.4.0-beta1, 1.3.7, 1.3.6, 1.3.5, 1.3.4, 1.3.3-beta2, 1.3.3-beta1, 1.3.2-beta9, 1.3.2-beta8, 1.3.2-beta7, 1.3.2-beta6, 1.3.2-beta5, 1.3.2-beta4, 1.3.2-beta3, 1.3.2-beta2, 1.3.2-beta1, 1.3.1-beta9, 1.3.1-beta8, 1.3.1-beta7, 1.3.1-beta6, 1.3.1-beta5, 1.3.1-beta4, 1.3.1-beta3, 1.3.1-beta2, 1.3.1-beta1, 1.3.0-beta9, 1.3.0-beta8, 1.3.0-beta7, 1.3.0-beta6, 1.3.0-beta5, 1.3.0-beta4, 1.3.0-beta3, 1.3.0-beta2, 1.3.0-beta1, 1.2.0-beta6, 1.2.0-beta5, 1.2.0-beta4, 1.2.0-beta2, 1.2.0-beta1, 1.1.11, 1.1.10, 1.1.9, 1.1.8, 1.1.7, 1.1.6, 1.1.5, 1.1.4, 1.1.3, 1.1.2, 1.1.1, 1.1.0, 1.1.0-beta9, 1.1.0-beta8, 1.1.0-beta7, 1.1.0-beta6, 1.1.0-beta5, 1.1.0-beta4, 1.1.0-beta3, 1.1.0-beta2, 1.1.0-beta12, 1.1.0-beta10, 1.1.0-beta1, 1.0.5, 1.0.4, 1.0.3, 1.0.1, 1.0.0, 1.0.0-rc9, 1.0.0-rc8, 1.0.0-rc7, 1.0.0-rc5, 1.0.0-rc4, 1.0.0-rc3, 1.0.0-rc2, 1.0.0-rc12, 1.0.0-rc11, 1.0.0-rc1, 1.0.0-beta9, 1.0.0-beta8, 1.0.0-beta7, 1.0.0-beta6, 1.0.0-beta5, 1.0.0-beta4, 1.0.0-beta3, 1.0.0-beta2, 1.0.0-beta1, 0.11.18, 0.11.17, 0.11.16, 0.11.15, 0.11.14, 0.11.13, 0.11.12, 0.11.11, 0.11.10, 0.11.9, 0.11.8, 0.11.7, 0.11.6, 0.11.5, 0.11.4, 0.11.3, 0.11.2, 0.11.1, 0.11.0, 0.11.0-beta9, 0.11.0-beta8, 0.11.0-beta7, 0.11.0-beta6, 0.11.0-beta5, 0.11.0-beta4, 0.11.0-beta3, 0.11.0-beta29, 0.11.0-beta28, 0.11.0-beta27, 0.11.0-beta26, 0.11.0-beta25, 0.11.0-beta24, 0.11.0-beta23, 0.11.0-beta22, 0.11.0-beta21, 0.11.0-beta20, 0.11.0-beta2, 0.11.0-beta19, 0.11.0-beta18, 0.11.0-beta17, 0.11.0-beta16, 0.11.0-beta15, 0.11.0-beta14, 0.11.0-beta13, 0.11.0-beta12, 0.11.0-beta11, 0.11.0-beta10, 0.11.0-beta1, 0.10.0, 0.10.0-beta9, 0.10.0-beta8, 0.10.0-beta7, 0.10.0-beta6, 0.10.0-beta5, 0.10.0-beta3, 0.10.0-beta25, 0.10.0-beta24, 0.10.0-beta23, 0.10.0-beta22, 0.10.0-beta21, 0.10.0-beta20, 0.10.0-beta2, 0.10.0-beta19, 0.10.0-beta18, 0.10.0-beta17, 0.10.0-beta16, 0.10.0-beta15, 0.10.0-beta14, 0.10.0-beta13, 0.10.0-beta12, 0.10.0-beta11, 0.10.0-beta10, 0.9.3, 0.9.2, 0.9.1, 0.9.0, 0.9.0-beta9, 0.9.0-beta8, 0.9.0-beta7, 0.9.0-beta6, 0.9.0-beta5, 0.9.0-beta4, 0.9.0-beta38, 0.9.0-beta37, 0.9.0-beta36, 0.9.0-beta35, 0.9.0-beta34, 0.9.0-beta33, 0.9.0-beta32, 0.9.0-beta31, 0.9.0-beta30, 0.9.0-beta29, 0.9.0-beta28, 0.9.0-beta27, 0.9.0-beta26, 0.9.0-beta25, 0.9.0-beta24, 0.9.0-beta23, 0.9.0-beta22, 0.9.0-beta21, 0.9.0-beta20, 0.9.0-beta2, 0.9.0-beta19, 0.9.0-beta18, 0.9.0-beta17, 0.9.0-beta16, 0.9.0-beta15, 0.9.0-beta14, 0.9.0-beta13, 0.9.0-beta12, 0.9.0-beta11, 0.9.0-beta10, 0.9.0-beta1, 0.8.3, 0.8.2, 0.8.0, 0.8.0-beta4, 0.8.0-beta3, 0.8.0-beta2, 0.8.0-beta1, 0.7.17, 0.7.16, 0.7.15, 0.7.14, 0.7.13, 0.7.12, 0.7.11, 0.7.9, 0.7.8, 0.7.7, 0.7.6, 0.7.5, 0.7.4, 0.7.3, 0.7.2, 0.7.1, 0.7.0, 0.7.0-beta8, 0.7.0-beta7, 0.7.0-beta6, 0.7.0-beta5, 0.7.0-beta4, 0.7.0-beta3, 0.7.0-beta2, 0.7.0-beta, 0.6.2, 0.6.1, 0.6.0, 0.5.10, 0.5.8, 0.5.7, 0.5.6, 0.5.5, 0.5.4, 0.5.3, 0.5.2, 0.5.1, 0.5.0, 0.4.25, 0.4.24, 0.4.23, 0.4.21, 0.4.20, 0.4.19, 0.4.18, 0.4.17, 0.4.16, 0.4.15, 0.4.14, 0.4.13, 0.4.12, 0.4.11, 0.4.10, 0.4.9, 0.4.8, 0.4.7, 0.4.6, 0.4.5, 0.4.4, 0.4.3, 0.4.2, 0.4.1, 0.4.0, 0.3.20, 0.3.19, 0.3.18, 0.3.17, 0.3.16, 0.3.15, 0.3.14, 0.3.13, 0.3.12, 0.3.11, 0.3.10, 0.3.9, 0.3.8, 0.3.7, 0.3.6, 0.3.4, 0.3.3, 0.3.2, 0.3.1, 0.3.0, 0.2.8, 0.2.7, 0.2.6, 0.2.4, 0.2.3, 0.2.2, 0.2.1, 0.2.0, 0.1.6, 0.1.5, 0.1.4, 0.1.3, 0.1.2, 0.1.1, 0.1.0
181 silly fetchPackageMetaData
181 silly fetchPackageMetaData     at pickVersionFromRegistryDocument (/Users/Fbi23/.nvm/versions/node/v6.10.3/lib/node_modules/npm/lib/fetch-package-metadata.js:178:16)
181 silly fetchPackageMetaData     at /Users/Fbi23/.nvm/versions/node/v6.10.3/lib/node_modules/npm/node_modules/iferr/index.js:13:50
181 silly fetchPackageMetaData     at /Users/Fbi23/.nvm/versions/node/v6.10.3/lib/node_modules/npm/lib/utils/pulse-till-done.js:20:8
181 silly fetchPackageMetaData     at saved (/Users/Fbi23/.nvm/versions/node/v6.10.3/lib/node_modules/npm/lib/cache/caching-client.js:174:7)
181 silly fetchPackageMetaData     at /Users/Fbi23/.nvm/versions/node/v6.10.3/lib/node_modules/npm/node_modules/graceful-fs/polyfills.js:241:18
181 silly fetchPackageMetaData     at FSReqWrap.oncomplete (fs.js:123:15) code: 'ETARGET' }
182 http 200 https://registry.npmjs.org/webpack-node-externals
183 verbose headers { 'content-type': 'application/json; charset=UTF-8',
183 verbose headers   server: 'UploadServer',
183 verbose headers   'cache-control': 'max-age=300',
183 verbose headers   'last-modified': 'Sun, 1 Apr 2018 21:40:21 GMT',
183 verbose headers   etag: '"5ac151c5-894f"',
183 verbose headers   'x-npm-region': 'South-Africa',
183 verbose headers   'content-encoding': 'gzip',
183 verbose headers   'content-length': '6099',
183 verbose headers   'accept-ranges': 'bytes',
183 verbose headers   date: 'Thu, 12 Apr 2018 14:46:24 GMT',
183 verbose headers   via: '1.1 varnish',
183 verbose headers   age: '0',
183 verbose headers   connection: 'keep-alive',
183 verbose headers   'x-served-by': 'cache-jnb7523-JNB',
183 verbose headers   'x-cache': 'MISS',
183 verbose headers   'x-cache-hits': '0',
183 verbose headers   'x-timer': 'S1523544383.342917,VS0,VE671',
183 verbose headers   vary: 'Accept-Encoding, Accept' }
184 silly get cb [ 200,
184 silly get   { 'content-type': 'application/json; charset=UTF-8',
184 silly get     server: 'UploadServer',
184 silly get     'cache-control': 'max-age=300',
184 silly get     'last-modified': 'Sun, 1 Apr 2018 21:40:21 GMT',
184 silly get     etag: '"5ac151c5-894f"',
184 silly get     'x-npm-region': 'South-Africa',
184 silly get     'content-encoding': 'gzip',
184 silly get     'content-length': '6099',
184 silly get     'accept-ranges': 'bytes',
184 silly get     date: 'Thu, 12 Apr 2018 14:46:24 GMT',
184 silly get     via: '1.1 varnish',
184 silly get     age: '0',
184 silly get     connection: 'keep-alive',
184 silly get     'x-served-by': 'cache-jnb7523-JNB',
184 silly get     'x-cache': 'MISS',
184 silly get     'x-cache-hits': '0',
184 silly get     'x-timer': 'S1523544383.342917,VS0,VE671',
184 silly get     vary: 'Accept-Encoding, Accept' } ]
185 verbose get saving webpack-node-externals to /Users/Fbi23/.npm/registry.npmjs.org/webpack-node-externals/.cache.json
186 verbose correctMkdir /Users/Fbi23/.npm correctMkdir not in flight; initializing
187 silly resolveWithNewModule webpack-node-externals@1.7.2 checking installable status
188 silly cache add args [ 'webpack-node-externals@^1.6.0', null ]
189 verbose cache add spec webpack-node-externals@^1.6.0
190 silly cache add parsed spec Result {
190 silly cache add   raw: 'webpack-node-externals@^1.6.0',
190 silly cache add   scope: null,
190 silly cache add   escapedName: 'webpack-node-externals',
190 silly cache add   name: 'webpack-node-externals',
190 silly cache add   rawSpec: '^1.6.0',
190 silly cache add   spec: '>=1.6.0 <2.0.0',
190 silly cache add   type: 'range' }
191 silly addNamed webpack-node-externals@>=1.6.0 <2.0.0
192 verbose addNamed ">=1.6.0 <2.0.0" is a valid semver range for webpack-node-externals
193 silly addNameRange { name: 'webpack-node-externals',
193 silly addNameRange   range: '>=1.6.0 <2.0.0',
193 silly addNameRange   hasData: false }
194 silly mapToRegistry name webpack-node-externals
195 silly mapToRegistry using default registry
196 silly mapToRegistry registry https://registry.npmjs.org/
197 silly mapToRegistry data Result {
197 silly mapToRegistry   raw: 'webpack-node-externals',
197 silly mapToRegistry   scope: null,
197 silly mapToRegistry   escapedName: 'webpack-node-externals',
197 silly mapToRegistry   name: 'webpack-node-externals',
197 silly mapToRegistry   rawSpec: '',
197 silly mapToRegistry   spec: 'latest',
197 silly mapToRegistry   type: 'tag' }
198 silly mapToRegistry uri https://registry.npmjs.org/webpack-node-externals
199 verbose addNameRange registry:https://registry.npmjs.org/webpack-node-externals not in flight; fetching
200 verbose get https://registry.npmjs.org/webpack-node-externals not expired, no request
201 silly addNameRange number 2 { name: 'webpack-node-externals',
201 silly addNameRange   range: '>=1.6.0 <2.0.0',
201 silly addNameRange   hasData: true }
202 silly addNameRange versions [ 'webpack-node-externals',
202 silly addNameRange   [ '0.1.0',
202 silly addNameRange     '0.2.0',
202 silly addNameRange     '0.3.0',
202 silly addNameRange     '0.4.0',
202 silly addNameRange     '0.4.1',
202 silly addNameRange     '1.0.0',
202 silly addNameRange     '1.1.0',
202 silly addNameRange     '1.2.0',
202 silly addNameRange     '1.3.0',
202 silly addNameRange     '1.3.1',
202 silly addNameRange     '1.3.2',
202 silly addNameRange     '1.3.3',
202 silly addNameRange     '1.4.3',
202 silly addNameRange     '1.4.4',
202 silly addNameRange     '1.5.4',
202 silly addNameRange     '1.6.0',
202 silly addNameRange     '1.7.0',
202 silly addNameRange     '1.7.1',
202 silly addNameRange     '1.7.2' ] ]
203 silly addNamed webpack-node-externals@1.7.2
204 verbose addNamed "1.7.2" is a plain semver version for webpack-node-externals
205 silly mapToRegistry name webpack-node-externals
206 silly mapToRegistry using default registry
207 silly mapToRegistry registry https://registry.npmjs.org/
208 silly mapToRegistry data Result {
208 silly mapToRegistry   raw: 'webpack-node-externals',
208 silly mapToRegistry   scope: null,
208 silly mapToRegistry   escapedName: 'webpack-node-externals',
208 silly mapToRegistry   name: 'webpack-node-externals',
208 silly mapToRegistry   rawSpec: '',
208 silly mapToRegistry   spec: 'latest',
208 silly mapToRegistry   type: 'tag' }
209 silly mapToRegistry uri https://registry.npmjs.org/webpack-node-externals
210 verbose addRemoteTarball https://registry.npmjs.org/webpack-node-externals/-/webpack-node-externals-1.7.2.tgz not in flight; adding
211 verbose addRemoteTarball [ 'https://registry.npmjs.org/webpack-node-externals/-/webpack-node-externals-1.7.2.tgz',
211 verbose addRemoteTarball   '6e1ee79ac67c070402ba700ef033a9b8d52ac4e3' ]
212 info retry fetch attempt 1 at 4:46:24 PM
213 info attempt registry request try #1 at 4:46:24 PM
214 http fetch GET https://registry.npmjs.org/webpack-node-externals/-/webpack-node-externals-1.7.2.tgz
215 http fetch 200 https://registry.npmjs.org/webpack-node-externals/-/webpack-node-externals-1.7.2.tgz
216 silly fetchAndShaCheck shasum 6e1ee79ac67c070402ba700ef033a9b8d52ac4e3
217 verbose addTmpTarball /var/folders/zy/1sflfblj4k5fspvj3hmc68880000gn/T/npm-53785-fc131538/registry.npmjs.org/webpack-node-externals/-/webpack-node-externals-1.7.2.tgz not in flight; adding
218 verbose addTmpTarball already have metadata; skipping unpack for webpack-node-externals@1.7.2
219 verbose correctMkdir /Users/Fbi23/.npm correctMkdir not in flight; initializing
220 silly cache afterAdd webpack-node-externals@1.7.2
221 verbose afterAdd /Users/Fbi23/.npm/webpack-node-externals/1.7.2/package/package.json not in flight; writing
222 verbose correctMkdir /Users/Fbi23/.npm correctMkdir not in flight; initializing
223 verbose afterAdd /Users/Fbi23/.npm/webpack-node-externals/1.7.2/package/package.json written
224 http fetch 200 https://registry.npmjs.org/babel-plugin-source-map-support/-/babel-plugin-source-map-support-2.0.1.tgz
225 silly fetchAndShaCheck shasum ccd822535ab32cf73c0a50596ed87e534ffdf410
226 verbose addTmpTarball /var/folders/zy/1sflfblj4k5fspvj3hmc68880000gn/T/npm-53785-fc131538/registry.npmjs.org/babel-plugin-source-map-support/-/babel-plugin-source-map-support-2.0.1.tgz not in flight; adding
227 verbose addTmpTarball already have metadata; skipping unpack for babel-plugin-source-map-support@2.0.1
228 verbose correctMkdir /Users/Fbi23/.npm correctMkdir not in flight; initializing
229 silly cache afterAdd babel-plugin-source-map-support@2.0.1
230 verbose afterAdd /Users/Fbi23/.npm/babel-plugin-source-map-support/2.0.1/package/package.json not in flight; writing
231 verbose correctMkdir /Users/Fbi23/.npm correctMkdir not in flight; initializing
232 verbose afterAdd /Users/Fbi23/.npm/babel-plugin-source-map-support/2.0.1/package/package.json written
233 silly rollbackFailedOptional Starting
234 silly rollbackFailedOptional Finishing
235 silly runTopLevelLifecycles Finishing
236 silly install printInstalled
237 verbose stack Error: No compatible version found: webpack@^5.1.1
237 verbose stack Valid install targets:
237 verbose stack 4.5.0, 4.4.1, 4.4.0, 4.3.0, 4.2.0, 4.1.1, 4.1.0, 4.0.1, 4.0.0, 4.0.0-beta.3, 4.0.0-beta.2, 4.0.0-beta.1, 4.0.0-beta.0, 4.0.0-alpha.5, 4.0.0-alpha.4, 4.0.0-alpha.3, 4.0.0-alpha.2, 4.0.0-alpha.1, 4.0.0-alpha.0, 3.11.0, 3.10.0, 3.9.1, 3.9.0, 3.8.1, 3.8.0, 3.7.1, 3.7.0, 3.6.0, 3.5.6, 3.5.5, 3.5.4, 3.5.3, 3.5.2, 3.5.1, 3.5.0, 3.4.1, 3.4.0, 3.3.0, 3.2.0, 3.1.0, 3.0.0, 3.0.0-rc.2, 3.0.0-rc.1, 3.0.0-rc.0, 2.7.0, 2.6.1, 2.6.0, 2.5.1, 2.5.0, 2.4.1, 2.4.0, 2.3.3, 2.3.2, 2.3.1, 2.3.0, 2.2.1, 2.2.0, 2.2.0-rc.8, 2.2.0-rc.7, 2.2.0-rc.6, 2.2.0-rc.5, 2.2.0-rc.4, 2.2.0-rc.3, 2.2.0-rc.2, 2.2.0-rc.1, 2.2.0-rc.0, 2.1.0-beta.28, 2.1.0-beta.27, 2.1.0-beta.26, 2.1.0-beta.25, 2.1.0-beta.24, 2.1.0-beta.23, 2.1.0-beta.22, 2.1.0-beta.21, 2.1.0-beta.20, 2.1.0-beta.19, 2.1.0-beta.18, 2.1.0-beta.17, 2.1.0-beta.16, 2.1.0-beta.15, 2.1.0-beta.14, 2.1.0-beta.13, 2.1.0-beta.12, 2.1.0-beta.11, 2.1.0-beta.10, 2.1.0-beta.9, 2.1.0-beta.8, 2.1.0-beta.7, 2.1.0-beta.6, 2.1.0-beta.5, 2.1.0-beta.4, 2.1.0-beta.3, 2.1.0-beta.2, 2.1.0-beta.1, 2.1.0-beta.0, 2.0.7-beta, 2.0.6-beta, 2.0.5-beta, 2.0.4-beta, 2.0.2-beta, 2.0.1-beta, 2.0.0-beta, 1.15.0, 1.14.0, 1.13.3, 1.13.2, 1.13.1, 1.13.0, 1.12.15, 1.12.14, 1.12.13, 1.12.12, 1.12.11, 1.12.10, 1.12.9, 1.12.8, 1.12.7, 1.12.6, 1.12.5, 1.12.4, 1.12.3, 1.12.2, 1.12.1, 1.12.0, 1.11.0, 1.10.5, 1.10.4, 1.10.3, 1.10.2, 1.10.1, 1.10.0, 1.9.13, 1.9.12, 1.9.11, 1.9.10, 1.9.9, 1.9.8, 1.9.7, 1.9.6, 1.9.5, 1.9.4, 1.9.3, 1.9.2, 1.9.1, 1.9.0, 1.8.11, 1.8.10, 1.8.9, 1.8.8, 1.8.7, 1.8.6, 1.8.5, 1.8.4, 1.8.3, 1.8.2, 1.8.1, 1.8.0, 1.7.3, 1.7.2, 1.7.1, 1.7.0, 1.6.0, 1.5.3, 1.5.2, 1.5.1, 1.5.0, 1.4.15, 1.4.14, 1.4.13, 1.4.12, 1.4.11, 1.4.10, 1.4.9, 1.4.8, 1.4.7, 1.4.6, 1.4.5, 1.4.4, 1.4.3, 1.4.2, 1.4.1-beta1, 1.4.0-beta9, 1.4.0-beta8, 1.4.0-beta7, 1.4.0-beta6, 1.4.0-beta5, 1.4.0-beta4, 1.4.0-beta3, 1.4.0-beta2, 1.4.0-beta10, 1.4.0-beta1, 1.3.7, 1.3.6, 1.3.5, 1.3.4, 1.3.3-beta2, 1.3.3-beta1, 1.3.2-beta9, 1.3.2-beta8, 1.3.2-beta7, 1.3.2-beta6, 1.3.2-beta5, 1.3.2-beta4, 1.3.2-beta3, 1.3.2-beta2, 1.3.2-beta1, 1.3.1-beta9, 1.3.1-beta8, 1.3.1-beta7, 1.3.1-beta6, 1.3.1-beta5, 1.3.1-beta4, 1.3.1-beta3, 1.3.1-beta2, 1.3.1-beta1, 1.3.0-beta9, 1.3.0-beta8, 1.3.0-beta7, 1.3.0-beta6, 1.3.0-beta5, 1.3.0-beta4, 1.3.0-beta3, 1.3.0-beta2, 1.3.0-beta1, 1.2.0-beta6, 1.2.0-beta5, 1.2.0-beta4, 1.2.0-beta2, 1.2.0-beta1, 1.1.11, 1.1.10, 1.1.9, 1.1.8, 1.1.7, 1.1.6, 1.1.5, 1.1.4, 1.1.3, 1.1.2, 1.1.1, 1.1.0, 1.1.0-beta9, 1.1.0-beta8, 1.1.0-beta7, 1.1.0-beta6, 1.1.0-beta5, 1.1.0-beta4, 1.1.0-beta3, 1.1.0-beta2, 1.1.0-beta12, 1.1.0-beta10, 1.1.0-beta1, 1.0.5, 1.0.4, 1.0.3, 1.0.1, 1.0.0, 1.0.0-rc9, 1.0.0-rc8, 1.0.0-rc7, 1.0.0-rc5, 1.0.0-rc4, 1.0.0-rc3, 1.0.0-rc2, 1.0.0-rc12, 1.0.0-rc11, 1.0.0-rc1, 1.0.0-beta9, 1.0.0-beta8, 1.0.0-beta7, 1.0.0-beta6, 1.0.0-beta5, 1.0.0-beta4, 1.0.0-beta3, 1.0.0-beta2, 1.0.0-beta1, 0.11.18, 0.11.17, 0.11.16, 0.11.15, 0.11.14, 0.11.13, 0.11.12, 0.11.11, 0.11.10, 0.11.9, 0.11.8, 0.11.7, 0.11.6, 0.11.5, 0.11.4, 0.11.3, 0.11.2, 0.11.1, 0.11.0, 0.11.0-beta9, 0.11.0-beta8, 0.11.0-beta7, 0.11.0-beta6, 0.11.0-beta5, 0.11.0-beta4, 0.11.0-beta3, 0.11.0-beta29, 0.11.0-beta28, 0.11.0-beta27, 0.11.0-beta26, 0.11.0-beta25, 0.11.0-beta24, 0.11.0-beta23, 0.11.0-beta22, 0.11.0-beta21, 0.11.0-beta20, 0.11.0-beta2, 0.11.0-beta19, 0.11.0-beta18, 0.11.0-beta17, 0.11.0-beta16, 0.11.0-beta15, 0.11.0-beta14, 0.11.0-beta13, 0.11.0-beta12, 0.11.0-beta11, 0.11.0-beta10, 0.11.0-beta1, 0.10.0, 0.10.0-beta9, 0.10.0-beta8, 0.10.0-beta7, 0.10.0-beta6, 0.10.0-beta5, 0.10.0-beta3, 0.10.0-beta25, 0.10.0-beta24, 0.10.0-beta23, 0.10.0-beta22, 0.10.0-beta21, 0.10.0-beta20, 0.10.0-beta2, 0.10.0-beta19, 0.10.0-beta18, 0.10.0-beta17, 0.10.0-beta16, 0.10.0-beta15, 0.10.0-beta14, 0.10.0-beta13, 0.10.0-beta12, 0.10.0-beta11, 0.10.0-beta10, 0.9.3, 0.9.2, 0.9.1, 0.9.0, 0.9.0-beta9, 0.9.0-beta8, 0.9.0-beta7, 0.9.0-beta6, 0.9.0-beta5, 0.9.0-beta4, 0.9.0-beta38, 0.9.0-beta37, 0.9.0-beta36, 0.9.0-beta35, 0.9.0-beta34, 0.9.0-beta33, 0.9.0-beta32, 0.9.0-beta31, 0.9.0-beta30, 0.9.0-beta29, 0.9.0-beta28, 0.9.0-beta27, 0.9.0-beta26, 0.9.0-beta25, 0.9.0-beta24, 0.9.0-beta23, 0.9.0-beta22, 0.9.0-beta21, 0.9.0-beta20, 0.9.0-beta2, 0.9.0-beta19, 0.9.0-beta18, 0.9.0-beta17, 0.9.0-beta16, 0.9.0-beta15, 0.9.0-beta14, 0.9.0-beta13, 0.9.0-beta12, 0.9.0-beta11, 0.9.0-beta10, 0.9.0-beta1, 0.8.3, 0.8.2, 0.8.0, 0.8.0-beta4, 0.8.0-beta3, 0.8.0-beta2, 0.8.0-beta1, 0.7.17, 0.7.16, 0.7.15, 0.7.14, 0.7.13, 0.7.12, 0.7.11, 0.7.9, 0.7.8, 0.7.7, 0.7.6, 0.7.5, 0.7.4, 0.7.3, 0.7.2, 0.7.1, 0.7.0, 0.7.0-beta8, 0.7.0-beta7, 0.7.0-beta6, 0.7.0-beta5, 0.7.0-beta4, 0.7.0-beta3, 0.7.0-beta2, 0.7.0-beta, 0.6.2, 0.6.1, 0.6.0, 0.5.10, 0.5.8, 0.5.7, 0.5.6, 0.5.5, 0.5.4, 0.5.3, 0.5.2, 0.5.1, 0.5.0, 0.4.25, 0.4.24, 0.4.23, 0.4.21, 0.4.20, 0.4.19, 0.4.18, 0.4.17, 0.4.16, 0.4.15, 0.4.14, 0.4.13, 0.4.12, 0.4.11, 0.4.10, 0.4.9, 0.4.8, 0.4.7, 0.4.6, 0.4.5, 0.4.4, 0.4.3, 0.4.2, 0.4.1, 0.4.0, 0.3.20, 0.3.19, 0.3.18, 0.3.17, 0.3.16, 0.3.15, 0.3.14, 0.3.13, 0.3.12, 0.3.11, 0.3.10, 0.3.9, 0.3.8, 0.3.7, 0.3.6, 0.3.4, 0.3.3, 0.3.2, 0.3.1, 0.3.0, 0.2.8, 0.2.7, 0.2.6, 0.2.4, 0.2.3, 0.2.2, 0.2.1, 0.2.0, 0.1.6, 0.1.5, 0.1.4, 0.1.3, 0.1.2, 0.1.1, 0.1.0
237 verbose stack
237 verbose stack     at pickVersionFromRegistryDocument (/Users/Fbi23/.nvm/versions/node/v6.10.3/lib/node_modules/npm/lib/fetch-package-metadata.js:178:16)
237 verbose stack     at /Users/Fbi23/.nvm/versions/node/v6.10.3/lib/node_modules/npm/node_modules/iferr/index.js:13:50
237 verbose stack     at /Users/Fbi23/.nvm/versions/node/v6.10.3/lib/node_modules/npm/lib/utils/pulse-till-done.js:20:8
237 verbose stack     at saved (/Users/Fbi23/.nvm/versions/node/v6.10.3/lib/node_modules/npm/lib/cache/caching-client.js:174:7)
237 verbose stack     at /Users/Fbi23/.nvm/versions/node/v6.10.3/lib/node_modules/npm/node_modules/graceful-fs/polyfills.js:241:18
237 verbose stack     at FSReqWrap.oncomplete (fs.js:123:15)
238 verbose cwd /Users/Fbi23/Projects/SovTech/Devchat
239 error Darwin 16.3.0
240 error argv "/Users/Fbi23/.nvm/versions/node/v6.10.3/bin/node" "/Users/Fbi23/.nvm/versions/node/v6.10.3/bin/npm" "i"
241 error node v6.10.3
242 error npm  v3.10.10
243 error code ETARGET
244 error notarget No compatible version found: webpack@^5.1.1
244 error notarget Valid install targets:
244 error notarget 4.5.0, 4.4.1, 4.4.0, 4.3.0, 4.2.0, 4.1.1, 4.1.0, 4.0.1, 4.0.0, 4.0.0-beta.3, 4.0.0-beta.2, 4.0.0-beta.1, 4.0.0-beta.0, 4.0.0-alpha.5, 4.0.0-alpha.4, 4.0.0-alpha.3, 4.0.0-alpha.2, 4.0.0-alpha.1, 4.0.0-alpha.0, 3.11.0, 3.10.0, 3.9.1, 3.9.0, 3.8.1, 3.8.0, 3.7.1, 3.7.0, 3.6.0, 3.5.6, 3.5.5, 3.5.4, 3.5.3, 3.5.2, 3.5.1, 3.5.0, 3.4.1, 3.4.0, 3.3.0, 3.2.0, 3.1.0, 3.0.0, 3.0.0-rc.2, 3.0.0-rc.1, 3.0.0-rc.0, 2.7.0, 2.6.1, 2.6.0, 2.5.1, 2.5.0, 2.4.1, 2.4.0, 2.3.3, 2.3.2, 2.3.1, 2.3.0, 2.2.1, 2.2.0, 2.2.0-rc.8, 2.2.0-rc.7, 2.2.0-rc.6, 2.2.0-rc.5, 2.2.0-rc.4, 2.2.0-rc.3, 2.2.0-rc.2, 2.2.0-rc.1, 2.2.0-rc.0, 2.1.0-beta.28, 2.1.0-beta.27, 2.1.0-beta.26, 2.1.0-beta.25, 2.1.0-beta.24, 2.1.0-beta.23, 2.1.0-beta.22, 2.1.0-beta.21, 2.1.0-beta.20, 2.1.0-beta.19, 2.1.0-beta.18, 2.1.0-beta.17, 2.1.0-beta.16, 2.1.0-beta.15, 2.1.0-beta.14, 2.1.0-beta.13, 2.1.0-beta.12, 2.1.0-beta.11, 2.1.0-beta.10, 2.1.0-beta.9, 2.1.0-beta.8, 2.1.0-beta.7, 2.1.0-beta.6, 2.1.0-beta.5, 2.1.0-beta.4, 2.1.0-beta.3, 2.1.0-beta.2, 2.1.0-beta.1, 2.1.0-beta.0, 2.0.7-beta, 2.0.6-beta, 2.0.5-beta, 2.0.4-beta, 2.0.2-beta, 2.0.1-beta, 2.0.0-beta, 1.15.0, 1.14.0, 1.13.3, 1.13.2, 1.13.1, 1.13.0, 1.12.15, 1.12.14, 1.12.13, 1.12.12, 1.12.11, 1.12.10, 1.12.9, 1.12.8, 1.12.7, 1.12.6, 1.12.5, 1.12.4, 1.12.3, 1.12.2, 1.12.1, 1.12.0, 1.11.0, 1.10.5, 1.10.4, 1.10.3, 1.10.2, 1.10.1, 1.10.0, 1.9.13, 1.9.12, 1.9.11, 1.9.10, 1.9.9, 1.9.8, 1.9.7, 1.9.6, 1.9.5, 1.9.4, 1.9.3, 1.9.2, 1.9.1, 1.9.0, 1.8.11, 1.8.10, 1.8.9, 1.8.8, 1.8.7, 1.8.6, 1.8.5, 1.8.4, 1.8.3, 1.8.2, 1.8.1, 1.8.0, 1.7.3, 1.7.2, 1.7.1, 1.7.0, 1.6.0, 1.5.3, 1.5.2, 1.5.1, 1.5.0, 1.4.15, 1.4.14, 1.4.13, 1.4.12, 1.4.11, 1.4.10, 1.4.9, 1.4.8, 1.4.7, 1.4.6, 1.4.5, 1.4.4, 1.4.3, 1.4.2, 1.4.1-beta1, 1.4.0-beta9, 1.4.0-beta8, 1.4.0-beta7, 1.4.0-beta6, 1.4.0-beta5, 1.4.0-beta4, 1.4.0-beta3, 1.4.0-beta2, 1.4.0-beta10, 1.4.0-beta1, 1.3.7, 1.3.6, 1.3.5, 1.3.4, 1.3.3-beta2, 1.3.3-beta1, 1.3.2-beta9, 1.3.2-beta8, 1.3.2-beta7, 1.3.2-beta6, 1.3.2-beta5, 1.3.2-beta4, 1.3.2-beta3, 1.3.2-beta2, 1.3.2-beta1, 1.3.1-beta9, 1.3.1-beta8, 1.3.1-beta7, 1.3.1-beta6, 1.3.1-beta5, 1.3.1-beta4, 1.3.1-beta3, 1.3.1-beta2, 1.3.1-beta1, 1.3.0-beta9, 1.3.0-beta8, 1.3.0-beta7, 1.3.0-beta6, 1.3.0-beta5, 1.3.0-beta4, 1.3.0-beta3, 1.3.0-beta2, 1.3.0-beta1, 1.2.0-beta6, 1.2.0-beta5, 1.2.0-beta4, 1.2.0-beta2, 1.2.0-beta1, 1.1.11, 1.1.10, 1.1.9, 1.1.8, 1.1.7, 1.1.6, 1.1.5, 1.1.4, 1.1.3, 1.1.2, 1.1.1, 1.1.0, 1.1.0-beta9, 1.1.0-beta8, 1.1.0-beta7, 1.1.0-beta6, 1.1.0-beta5, 1.1.0-beta4, 1.1.0-beta3, 1.1.0-beta2, 1.1.0-beta12, 1.1.0-beta10, 1.1.0-beta1, 1.0.5, 1.0.4, 1.0.3, 1.0.1, 1.0.0, 1.0.0-rc9, 1.0.0-rc8, 1.0.0-rc7, 1.0.0-rc5, 1.0.0-rc4, 1.0.0-rc3, 1.0.0-rc2, 1.0.0-rc12, 1.0.0-rc11, 1.0.0-rc1, 1.0.0-beta9, 1.0.0-beta8, 1.0.0-beta7, 1.0.0-beta6, 1.0.0-beta5, 1.0.0-beta4, 1.0.0-beta3, 1.0.0-beta2, 1.0.0-beta1, 0.11.18, 0.11.17, 0.11.16, 0.11.15, 0.11.14, 0.11.13, 0.11.12, 0.11.11, 0.11.10, 0.11.9, 0.11.8, 0.11.7, 0.11.6, 0.11.5, 0.11.4, 0.11.3, 0.11.2, 0.11.1, 0.11.0, 0.11.0-beta9, 0.11.0-beta8, 0.11.0-beta7, 0.11.0-beta6, 0.11.0-beta5, 0.11.0-beta4, 0.11.0-beta3, 0.11.0-beta29, 0.11.0-beta28, 0.11.0-beta27, 0.11.0-beta26, 0.11.0-beta25, 0.11.0-beta24, 0.11.0-beta23, 0.11.0-beta22, 0.11.0-beta21, 0.11.0-beta20, 0.11.0-beta2, 0.11.0-beta19, 0.11.0-beta18, 0.11.0-beta17, 0.11.0-beta16, 0.11.0-beta15, 0.11.0-beta14, 0.11.0-beta13, 0.11.0-beta12, 0.11.0-beta11, 0.11.0-beta10, 0.11.0-beta1, 0.10.0, 0.10.0-beta9, 0.10.0-beta8, 0.10.0-beta7, 0.10.0-beta6, 0.10.0-beta5, 0.10.0-beta3, 0.10.0-beta25, 0.10.0-beta24, 0.10.0-beta23, 0.10.0-beta22, 0.10.0-beta21, 0.10.0-beta20, 0.10.0-beta2, 0.10.0-beta19, 0.10.0-beta18, 0.10.0-beta17, 0.10.0-beta16, 0.10.0-beta15, 0.10.0-beta14, 0.10.0-beta13, 0.10.0-beta12, 0.10.0-beta11, 0.10.0-beta10, 0.9.3, 0.9.2, 0.9.1, 0.9.0, 0.9.0-beta9, 0.9.0-beta8, 0.9.0-beta7, 0.9.0-beta6, 0.9.0-beta5, 0.9.0-beta4, 0.9.0-beta38, 0.9.0-beta37, 0.9.0-beta36, 0.9.0-beta35, 0.9.0-beta34, 0.9.0-beta33, 0.9.0-beta32, 0.9.0-beta31, 0.9.0-beta30, 0.9.0-beta29, 0.9.0-beta28, 0.9.0-beta27, 0.9.0-beta26, 0.9.0-beta25, 0.9.0-beta24, 0.9.0-beta23, 0.9.0-beta22, 0.9.0-beta21, 0.9.0-beta20, 0.9.0-beta2, 0.9.0-beta19, 0.9.0-beta18, 0.9.0-beta17, 0.9.0-beta16, 0.9.0-beta15, 0.9.0-beta14, 0.9.0-beta13, 0.9.0-beta12, 0.9.0-beta11, 0.9.0-beta10, 0.9.0-beta1, 0.8.3, 0.8.2, 0.8.0, 0.8.0-beta4, 0.8.0-beta3, 0.8.0-beta2, 0.8.0-beta1, 0.7.17, 0.7.16, 0.7.15, 0.7.14, 0.7.13, 0.7.12, 0.7.11, 0.7.9, 0.7.8, 0.7.7, 0.7.6, 0.7.5, 0.7.4, 0.7.3, 0.7.2, 0.7.1, 0.7.0, 0.7.0-beta8, 0.7.0-beta7, 0.7.0-beta6, 0.7.0-beta5, 0.7.0-beta4, 0.7.0-beta3, 0.7.0-beta2, 0.7.0-beta, 0.6.2, 0.6.1, 0.6.0, 0.5.10, 0.5.8, 0.5.7, 0.5.6, 0.5.5, 0.5.4, 0.5.3, 0.5.2, 0.5.1, 0.5.0, 0.4.25, 0.4.24, 0.4.23, 0.4.21, 0.4.20, 0.4.19, 0.4.18, 0.4.17, 0.4.16, 0.4.15, 0.4.14, 0.4.13, 0.4.12, 0.4.11, 0.4.10, 0.4.9, 0.4.8, 0.4.7, 0.4.6, 0.4.5, 0.4.4, 0.4.3, 0.4.2, 0.4.1, 0.4.0, 0.3.20, 0.3.19, 0.3.18, 0.3.17, 0.3.16, 0.3.15, 0.3.14, 0.3.13, 0.3.12, 0.3.11, 0.3.10, 0.3.9, 0.3.8, 0.3.7, 0.3.6, 0.3.4, 0.3.3, 0.3.2, 0.3.1, 0.3.0, 0.2.8, 0.2.7, 0.2.6, 0.2.4, 0.2.3, 0.2.2, 0.2.1, 0.2.0, 0.1.6, 0.1.5, 0.1.4, 0.1.3, 0.1.2, 0.1.1, 0.1.0
245 error notarget This is most likely not a problem with npm itself.
245 error notarget In most cases you or one of your dependencies are requesting
245 error notarget a package version that doesn't exist.
245 error notarget
245 error notarget It was specified as a dependency of 'Devchat'
246 verbose exit [ 1, true ]
